%EventDef PajeDefineContainerType 1
% Type string
% Alias string
% Name string
%EndEventDef

%EventDef PajeCreateContainer 2
% Time date 
% Type string  
% Alias string 
% Name string   
% Container string  
%EndEventDef

%EventDef PajeDestroyContainer 3
% Time date
% Name string 
% Type string
%EndEventDef

%EventDef PajeDefineStateType 4
% Alias string 
% Type string 
% Name string 
%EndEventDef

%EventDef PajeDefineEntityValue 5
% Alias string  
% Type string  
% Name string  
% Color color 
%EndEventDef

%EventDef PajeSetState 6
% Time date  
% Type string  
% Container string  
% Value string  
%EndEventDef 

%EventDef PajeDefineEventType 7
% Type string
% Alias string
% Name string
%EndEventDef

%EventDef PajeNewEvent 8
% Time date
% Type string
% Container string
% Value string
%EndEventDef

%EventDef PajeDefineVariableType 9
% Type string
% Alias string
% Name string
% Color string
%EndEventDef

%EventDef PajeSetVariable 10
% Time date
% Type string
% Container string
% Value double
%EndEventDef

# Container types creation
1 0 root_ct "Machines"
1 root_ct machine_ct "Machine"
1 0 scheduler_ct "Scheduler"
1 scheduler_ct killer_ct "Killer"

# Event types creation
7 killer_ct kk "Job kill"
7 machine_ct km "Job kill"

# Variable types creation
9 scheduler_ct vu_vt "Utilization" "0.0 0.5 0.0"

# Containers creation
2 0.000000 root_ct root "Machines" 0
2 0.000000 machine_ct m0 "0" root
2 0.000000 machine_ct m1 "1" root
2 0.000000 machine_ct m2 "2" root
2 0.000000 machine_ct m3 "3" root
2 0.000000 machine_ct m4 "4" root
2 0.000000 machine_ct m5 "5" root
2 0.000000 machine_ct m6 "6" root
2 0.000000 machine_ct m7 "7" root
2 0.000000 machine_ct m8 "8" root
2 0.000000 machine_ct m9 "9" root
2 0.000000 scheduler_ct sc "Scheduler" 0
2 0.000000 killer_ct k "Killer" sc

# States creation
4 machine_state machine_ct "Machine state"

# Creation of the different values the machine state can be
5 w machine_state "Waiting" "0.0 0.0 0.0"
5 l machine_state "Launching" "0.3 0.3 0.3"

# Begin of events
6 0.000000 machine_state m0 w
6 0.000000 machine_state m1 w
6 0.000000 machine_state m2 w
6 0.000000 machine_state m3 w
6 0.000000 machine_state m4 w
6 0.000000 machine_state m5 w
6 0.000000 machine_state m6 w
6 0.000000 machine_state m7 w
6 0.000000 machine_state m8 w
6 0.000000 machine_state m9 w
5 jd5b7f1!1 machine_state "d5b7f1!1" "0.000000 0.812500 1.000000"
6 0.000060 machine_state m0 jd5b7f1!1
6 0.000060 machine_state m1 jd5b7f1!1
6 0.000060 machine_state m2 jd5b7f1!1
6 0.000060 machine_state m3 jd5b7f1!1
5 jd5b7f1!4 machine_state "d5b7f1!4" "1.000000 0.000000 0.000000"
6 3.000090 machine_state m4 jd5b7f1!4
5 jd5b7f1!5 machine_state "d5b7f1!5" "1.000000 0.750000 0.000000"
6 4.000105 machine_state m5 jd5b7f1!5
6 4.000105 machine_state m6 jd5b7f1!5
8 5.000090 kk k "d5b7f1!4"
8 5.000090 km m4 "d5b7f1!4"
6 5.000090 machine_state m4 w
8 6.000105 kk k "d5b7f1!5"
8 6.000105 km m5 "d5b7f1!5"
8 6.000105 km m6 "d5b7f1!5"
6 6.000105 machine_state m5 w
6 6.000105 machine_state m6 w
5 jd5b7f1!8 machine_state "d5b7f1!8" "0.593750 0.000000 1.000000"
6 7.000150 machine_state m4 jd5b7f1!8
6 7.000150 machine_state m5 jd5b7f1!8
6 7.000150 machine_state m6 jd5b7f1!8
6 7.000150 machine_state m7 jd5b7f1!8
6 7.000150 machine_state m8 jd5b7f1!8
8 8.000150 kk k "d5b7f1!8"
8 8.000150 km m4 "d5b7f1!8"
8 8.000150 km m5 "d5b7f1!8"
8 8.000150 km m6 "d5b7f1!8"
8 8.000150 km m7 "d5b7f1!8"
8 8.000150 km m8 "d5b7f1!8"
6 8.000150 machine_state m4 w
6 8.000150 machine_state m5 w
6 8.000150 machine_state m6 w
6 8.000150 machine_state m7 w
6 8.000150 machine_state m8 w
5 jd5b7f1!10 machine_state "d5b7f1!10" "0.000000 1.000000 0.062500"
6 9.000180 machine_state m4 jd5b7f1!10
6 9.000180 machine_state m5 jd5b7f1!10
8 10.000180 kk k "d5b7f1!10"
8 10.000180 km m4 "d5b7f1!10"
8 10.000180 km m5 "d5b7f1!10"
6 10.000180 machine_state m4 w
6 10.000180 machine_state m5 w
5 jd5b7f1!11 machine_state "d5b7f1!11" "0.687500 0.000000 1.000000"
6 10.000180 machine_state m6 jd5b7f1!11
6 10.000180 machine_state m7 jd5b7f1!11
6 10.000180 machine_state m8 jd5b7f1!11
6 10.000180 machine_state m9 jd5b7f1!11
8 11.000180 kk k "d5b7f1!11"
8 11.000180 km m6 "d5b7f1!11"
8 11.000180 km m7 "d5b7f1!11"
8 11.000180 km m8 "d5b7f1!11"
8 11.000180 km m9 "d5b7f1!11"
6 11.000180 machine_state m6 w
6 11.000180 machine_state m7 w
6 11.000180 machine_state m8 w
6 11.000180 machine_state m9 w
5 jd5b7f1!14 machine_state "d5b7f1!14" "0.968750 1.000000 0.000000"
6 13.000270 machine_state m4 jd5b7f1!14
6 13.000270 machine_state m5 jd5b7f1!14
8 14.000270 kk k "d5b7f1!14"
8 14.000270 km m4 "d5b7f1!14"
8 14.000270 km m5 "d5b7f1!14"
6 14.000270 machine_state m4 w
6 14.000270 machine_state m5 w
8 15.000060 kk k "d5b7f1!1"
8 15.000060 km m0 "d5b7f1!1"
8 15.000060 km m1 "d5b7f1!1"
8 15.000060 km m2 "d5b7f1!1"
8 15.000060 km m3 "d5b7f1!1"
6 15.000060 machine_state m0 w
6 15.000060 machine_state m1 w
6 15.000060 machine_state m2 w
6 15.000060 machine_state m3 w
5 jd5b7f1!3 machine_state "d5b7f1!3" "0.000000 1.000000 0.718750"
6 15.000300 machine_state m0 jd5b7f1!3
6 15.000300 machine_state m1 jd5b7f1!3
6 15.000300 machine_state m2 jd5b7f1!3
6 15.000300 machine_state m3 jd5b7f1!3
6 15.000300 machine_state m4 jd5b7f1!3
6 15.000300 machine_state m5 jd5b7f1!3
6 15.000300 machine_state m6 jd5b7f1!3
6 15.000300 machine_state m7 jd5b7f1!3
8 18.000300 kk k "d5b7f1!3"
8 18.000300 km m0 "d5b7f1!3"
8 18.000300 km m1 "d5b7f1!3"
8 18.000300 km m2 "d5b7f1!3"
8 18.000300 km m3 "d5b7f1!3"
8 18.000300 km m4 "d5b7f1!3"
8 18.000300 km m5 "d5b7f1!3"
8 18.000300 km m6 "d5b7f1!3"
8 18.000300 km m7 "d5b7f1!3"
6 18.000300 machine_state m0 w
6 18.000300 machine_state m1 w
6 18.000300 machine_state m2 w
6 18.000300 machine_state m3 w
6 18.000300 machine_state m4 w
6 18.000300 machine_state m5 w
6 18.000300 machine_state m6 w
6 18.000300 machine_state m7 w
5 jd5b7f1!7 machine_state "d5b7f1!7" "0.593750 1.000000 0.000000"
6 20.000360 machine_state m0 jd5b7f1!7
6 20.000360 machine_state m1 jd5b7f1!7
6 20.000360 machine_state m2 jd5b7f1!7
6 20.000360 machine_state m3 jd5b7f1!7
6 20.000360 machine_state m4 jd5b7f1!7
6 20.000360 machine_state m5 jd5b7f1!7
6 20.000360 machine_state m6 jd5b7f1!7
6 20.000360 machine_state m7 jd5b7f1!7
6 20.000360 machine_state m8 jd5b7f1!7
6 20.000360 machine_state m9 jd5b7f1!7
8 23.000360 kk k "d5b7f1!7"
8 23.000360 km m0 "d5b7f1!7"
8 23.000360 km m1 "d5b7f1!7"
8 23.000360 km m2 "d5b7f1!7"
8 23.000360 km m3 "d5b7f1!7"
8 23.000360 km m4 "d5b7f1!7"
8 23.000360 km m5 "d5b7f1!7"
8 23.000360 km m6 "d5b7f1!7"
8 23.000360 km m7 "d5b7f1!7"
8 23.000360 km m8 "d5b7f1!7"
8 23.000360 km m9 "d5b7f1!7"
6 23.000360 machine_state m0 w
6 23.000360 machine_state m1 w
6 23.000360 machine_state m2 w
6 23.000360 machine_state m3 w
6 23.000360 machine_state m4 w
6 23.000360 machine_state m5 w
6 23.000360 machine_state m6 w
6 23.000360 machine_state m7 w
6 23.000360 machine_state m8 w
6 23.000360 machine_state m9 w
5 jd5b7f1!9 machine_state "d5b7f1!9" "0.312500 0.000000 1.000000"
6 23.000390 machine_state m0 jd5b7f1!9
6 23.000390 machine_state m1 jd5b7f1!9
6 23.000390 machine_state m2 jd5b7f1!9
6 23.000390 machine_state m3 jd5b7f1!9
6 23.000390 machine_state m4 jd5b7f1!9
6 23.000390 machine_state m5 jd5b7f1!9
6 23.000390 machine_state m6 jd5b7f1!9
6 23.000390 machine_state m7 jd5b7f1!9
5 jd5b7f1!21 machine_state "d5b7f1!21" "1.000000 0.000000 0.093750"
6 23.000405 machine_state m8 jd5b7f1!21
8 25.000390 kk k "d5b7f1!9"
8 25.000390 km m0 "d5b7f1!9"
8 25.000390 km m1 "d5b7f1!9"
8 25.000390 km m2 "d5b7f1!9"
8 25.000390 km m3 "d5b7f1!9"
8 25.000390 km m4 "d5b7f1!9"
8 25.000390 km m5 "d5b7f1!9"
8 25.000390 km m6 "d5b7f1!9"
8 25.000390 km m7 "d5b7f1!9"
6 25.000390 machine_state m0 w
6 25.000390 machine_state m1 w
6 25.000390 machine_state m2 w
6 25.000390 machine_state m3 w
6 25.000390 machine_state m4 w
6 25.000390 machine_state m5 w
6 25.000390 machine_state m6 w
6 25.000390 machine_state m7 w
5 jd5b7f1!18 machine_state "d5b7f1!18" "1.000000 0.000000 0.187500"
6 26.000435 machine_state m0 jd5b7f1!18
6 26.000435 machine_state m1 jd5b7f1!18
6 26.000435 machine_state m2 jd5b7f1!18
6 26.000435 machine_state m3 jd5b7f1!18
6 26.000435 machine_state m4 jd5b7f1!18
6 26.000435 machine_state m5 jd5b7f1!18
6 26.000435 machine_state m6 jd5b7f1!18
8 27.000435 kk k "d5b7f1!18"
8 27.000435 km m0 "d5b7f1!18"
8 27.000435 km m1 "d5b7f1!18"
8 27.000435 km m2 "d5b7f1!18"
8 27.000435 km m3 "d5b7f1!18"
8 27.000435 km m4 "d5b7f1!18"
8 27.000435 km m5 "d5b7f1!18"
8 27.000435 km m6 "d5b7f1!18"
6 27.000435 machine_state m0 w
6 27.000435 machine_state m1 w
6 27.000435 machine_state m2 w
6 27.000435 machine_state m3 w
6 27.000435 machine_state m4 w
6 27.000435 machine_state m5 w
6 27.000435 machine_state m6 w
5 jd5b7f1!28 machine_state "d5b7f1!28" "1.000000 0.000000 0.937500"
6 28.000465 machine_state m0 jd5b7f1!28
6 28.000465 machine_state m1 jd5b7f1!28
6 28.000465 machine_state m2 jd5b7f1!28
6 28.000465 machine_state m3 jd5b7f1!28
6 28.000465 machine_state m4 jd5b7f1!28
6 28.000465 machine_state m5 jd5b7f1!28
6 28.000465 machine_state m6 jd5b7f1!28
8 30.000465 kk k "d5b7f1!28"
8 30.000465 km m0 "d5b7f1!28"
8 30.000465 km m1 "d5b7f1!28"
8 30.000465 km m2 "d5b7f1!28"
8 30.000465 km m3 "d5b7f1!28"
8 30.000465 km m4 "d5b7f1!28"
8 30.000465 km m5 "d5b7f1!28"
8 30.000465 km m6 "d5b7f1!28"
6 30.000465 machine_state m0 w
6 30.000465 machine_state m1 w
6 30.000465 machine_state m2 w
6 30.000465 machine_state m3 w
6 30.000465 machine_state m4 w
6 30.000465 machine_state m5 w
6 30.000465 machine_state m6 w
5 jd5b7f1!31 machine_state "d5b7f1!31" "0.000000 0.156250 1.000000"
6 31.000510 machine_state m0 jd5b7f1!31
5 jd5b7f1!30 machine_state "d5b7f1!30" "0.000000 0.718750 1.000000"
6 31.000525 machine_state m1 jd5b7f1!30
6 31.000525 machine_state m2 jd5b7f1!30
5 jd5b7f1!29 machine_state "d5b7f1!29" "1.000000 0.000000 0.468750"
6 32.000525 machine_state m3 jd5b7f1!29
6 32.000525 machine_state m4 jd5b7f1!29
6 32.000525 machine_state m5 jd5b7f1!29
8 33.000510 kk k "d5b7f1!31"
8 33.000510 km m0 "d5b7f1!31"
6 33.000510 machine_state m0 w
8 34.000525 kk k "d5b7f1!30"
8 34.000525 km m1 "d5b7f1!30"
8 34.000525 km m2 "d5b7f1!30"
6 34.000525 machine_state m1 w
6 34.000525 machine_state m2 w
5 jd5b7f1!35 machine_state "d5b7f1!35" "0.000000 1.000000 0.812500"
6 34.000540 machine_state m0 jd5b7f1!35
6 34.000540 machine_state m6 jd5b7f1!35
6 34.000540 machine_state m7 jd5b7f1!35
5 jd5b7f1!34 machine_state "d5b7f1!34" "0.000000 0.906250 1.000000"
6 34.000555 machine_state m9 jd5b7f1!34
8 35.000405 kk k "d5b7f1!21"
8 35.000405 km m8 "d5b7f1!21"
6 35.000405 machine_state m8 w
8 35.000525 kk k "d5b7f1!29"
8 35.000525 km m3 "d5b7f1!29"
8 35.000525 km m4 "d5b7f1!29"
8 35.000525 km m5 "d5b7f1!29"
6 35.000525 machine_state m3 w
6 35.000525 machine_state m4 w
6 35.000525 machine_state m5 w
8 37.000540 kk k "d5b7f1!35"
8 37.000540 km m0 "d5b7f1!35"
8 37.000540 km m6 "d5b7f1!35"
8 37.000540 km m7 "d5b7f1!35"
6 37.000540 machine_state m0 w
6 37.000540 machine_state m6 w
6 37.000540 machine_state m7 w
8 37.000555 kk k "d5b7f1!34"
8 37.000555 km m9 "d5b7f1!34"
6 37.000555 machine_state m9 w
5 jd5b7f1!32 machine_state "d5b7f1!32" "0.218750 0.000000 1.000000"
6 37.000630 machine_state m0 jd5b7f1!32
6 37.000630 machine_state m1 jd5b7f1!32
6 37.000630 machine_state m2 jd5b7f1!32
6 37.000630 machine_state m3 jd5b7f1!32
6 37.000630 machine_state m4 jd5b7f1!32
6 37.000630 machine_state m5 jd5b7f1!32
6 37.000630 machine_state m6 jd5b7f1!32
6 37.000630 machine_state m7 jd5b7f1!32
6 37.000630 machine_state m8 jd5b7f1!32
6 37.000630 machine_state m9 jd5b7f1!32
8 39.000630 kk k "d5b7f1!32"
8 39.000630 km m0 "d5b7f1!32"
8 39.000630 km m1 "d5b7f1!32"
8 39.000630 km m2 "d5b7f1!32"
8 39.000630 km m3 "d5b7f1!32"
8 39.000630 km m4 "d5b7f1!32"
8 39.000630 km m5 "d5b7f1!32"
8 39.000630 km m6 "d5b7f1!32"
8 39.000630 km m7 "d5b7f1!32"
8 39.000630 km m8 "d5b7f1!32"
8 39.000630 km m9 "d5b7f1!32"
6 39.000630 machine_state m0 w
6 39.000630 machine_state m1 w
6 39.000630 machine_state m2 w
6 39.000630 machine_state m3 w
6 39.000630 machine_state m4 w
6 39.000630 machine_state m5 w
6 39.000630 machine_state m6 w
6 39.000630 machine_state m7 w
6 39.000630 machine_state m8 w
6 39.000630 machine_state m9 w
5 jd5b7f1!20 machine_state "d5b7f1!20" "0.031250 1.000000 0.000000"
6 39.000645 machine_state m0 jd5b7f1!20
6 39.000645 machine_state m1 jd5b7f1!20
6 39.000645 machine_state m2 jd5b7f1!20
6 39.000645 machine_state m3 jd5b7f1!20
6 39.000645 machine_state m4 jd5b7f1!20
5 jd5b7f1!36 machine_state "d5b7f1!36" "0.000000 1.000000 0.906250"
6 39.000660 machine_state m5 jd5b7f1!36
6 39.000660 machine_state m6 jd5b7f1!36
6 39.000660 machine_state m7 jd5b7f1!36
5 jd5b7f1!15 machine_state "d5b7f1!15" "0.781250 1.000000 0.000000"
6 39.000675 machine_state m8 jd5b7f1!15
6 39.000675 machine_state m9 jd5b7f1!15
8 40.000675 kk k "d5b7f1!15"
8 40.000675 km m8 "d5b7f1!15"
8 40.000675 km m9 "d5b7f1!15"
6 40.000675 machine_state m8 w
6 40.000675 machine_state m9 w
8 41.000660 kk k "d5b7f1!36"
8 41.000660 km m5 "d5b7f1!36"
8 41.000660 km m6 "d5b7f1!36"
8 41.000660 km m7 "d5b7f1!36"
6 41.000660 machine_state m5 w
6 41.000660 machine_state m6 w
6 41.000660 machine_state m7 w
5 jd5b7f1!41 machine_state "d5b7f1!41" "0.218750 1.000000 0.000000"
6 41.000720 machine_state m5 jd5b7f1!41
6 41.000720 machine_state m6 jd5b7f1!41
6 41.000720 machine_state m7 jd5b7f1!41
5 jd5b7f1!25 machine_state "d5b7f1!25" "0.000000 1.000000 0.437500"
6 42.000735 machine_state m8 jd5b7f1!25
8 50.000645 kk k "d5b7f1!20"
8 50.000645 km m0 "d5b7f1!20"
8 50.000645 km m1 "d5b7f1!20"
8 50.000645 km m2 "d5b7f1!20"
8 50.000645 km m3 "d5b7f1!20"
8 50.000645 km m4 "d5b7f1!20"
6 50.000645 machine_state m0 w
6 50.000645 machine_state m1 w
6 50.000645 machine_state m2 w
6 50.000645 machine_state m3 w
6 50.000645 machine_state m4 w
5 jd5b7f1!44 machine_state "d5b7f1!44" "0.687500 1.000000 0.000000"
6 50.000840 machine_state m0 jd5b7f1!44
6 50.000840 machine_state m1 jd5b7f1!44
6 50.000840 machine_state m2 jd5b7f1!44
6 50.000840 machine_state m3 jd5b7f1!44
6 50.000840 machine_state m4 jd5b7f1!44
6 50.000840 machine_state m9 jd5b7f1!44
8 53.000720 kk k "d5b7f1!41"
8 53.000720 km m5 "d5b7f1!41"
8 53.000720 km m6 "d5b7f1!41"
8 53.000720 km m7 "d5b7f1!41"
6 53.000720 machine_state m5 w
6 53.000720 machine_state m6 w
6 53.000720 machine_state m7 w
8 53.000840 kk k "d5b7f1!44"
8 53.000840 km m0 "d5b7f1!44"
8 53.000840 km m1 "d5b7f1!44"
8 53.000840 km m2 "d5b7f1!44"
8 53.000840 km m3 "d5b7f1!44"
8 53.000840 km m4 "d5b7f1!44"
8 53.000840 km m9 "d5b7f1!44"
6 53.000840 machine_state m0 w
6 53.000840 machine_state m1 w
6 53.000840 machine_state m2 w
6 53.000840 machine_state m3 w
6 53.000840 machine_state m4 w
6 53.000840 machine_state m9 w
5 jd5b7f1!6 machine_state "d5b7f1!6" "0.000000 1.000000 0.625000"
6 54.000750 machine_state m0 jd5b7f1!6
6 54.000750 machine_state m1 jd5b7f1!6
6 54.000750 machine_state m2 jd5b7f1!6
6 54.000750 machine_state m3 jd5b7f1!6
6 54.000750 machine_state m4 jd5b7f1!6
6 54.000750 machine_state m5 jd5b7f1!6
6 54.000750 machine_state m6 jd5b7f1!6
6 54.000750 machine_state m7 jd5b7f1!6
6 54.000750 machine_state m9 jd5b7f1!6
8 55.000750 kk k "d5b7f1!6"
8 55.000750 km m0 "d5b7f1!6"
8 55.000750 km m1 "d5b7f1!6"
8 55.000750 km m2 "d5b7f1!6"
8 55.000750 km m3 "d5b7f1!6"
8 55.000750 km m4 "d5b7f1!6"
8 55.000750 km m5 "d5b7f1!6"
8 55.000750 km m6 "d5b7f1!6"
8 55.000750 km m7 "d5b7f1!6"
8 55.000750 km m9 "d5b7f1!6"
6 55.000750 machine_state m0 w
6 55.000750 machine_state m1 w
6 55.000750 machine_state m2 w
6 55.000750 machine_state m3 w
6 55.000750 machine_state m4 w
6 55.000750 machine_state m5 w
6 55.000750 machine_state m6 w
6 55.000750 machine_state m7 w
6 55.000750 machine_state m9 w
5 jd5b7f1!12 machine_state "d5b7f1!12" "0.000000 1.000000 0.531250"
6 55.000765 machine_state m0 jd5b7f1!12
6 55.000765 machine_state m1 jd5b7f1!12
6 55.000765 machine_state m2 jd5b7f1!12
6 55.000765 machine_state m3 jd5b7f1!12
6 55.000765 machine_state m4 jd5b7f1!12
6 55.000765 machine_state m5 jd5b7f1!12
6 55.000765 machine_state m6 jd5b7f1!12
6 55.000765 machine_state m7 jd5b7f1!12
5 jd5b7f1!47 machine_state "d5b7f1!47" "1.000000 0.937500 0.000000"
6 55.000780 machine_state m9 jd5b7f1!47
8 57.000735 kk k "d5b7f1!25"
8 57.000735 km m8 "d5b7f1!25"
6 57.000735 machine_state m8 w
8 57.000765 kk k "d5b7f1!12"
8 57.000765 km m0 "d5b7f1!12"
8 57.000765 km m1 "d5b7f1!12"
8 57.000765 km m2 "d5b7f1!12"
8 57.000765 km m3 "d5b7f1!12"
8 57.000765 km m4 "d5b7f1!12"
8 57.000765 km m5 "d5b7f1!12"
8 57.000765 km m6 "d5b7f1!12"
8 57.000765 km m7 "d5b7f1!12"
6 57.000765 machine_state m0 w
6 57.000765 machine_state m1 w
6 57.000765 machine_state m2 w
6 57.000765 machine_state m3 w
6 57.000765 machine_state m4 w
6 57.000765 machine_state m5 w
6 57.000765 machine_state m6 w
6 57.000765 machine_state m7 w
8 57.000780 kk k "d5b7f1!47"
8 57.000780 km m9 "d5b7f1!47"
6 57.000780 machine_state m9 w
5 jd5b7f1!45 machine_state "d5b7f1!45" "1.000000 0.000000 0.562500"
6 58.000780 machine_state m0 jd5b7f1!45
6 58.000780 machine_state m1 jd5b7f1!45
6 58.000780 machine_state m2 jd5b7f1!45
6 58.000780 machine_state m3 jd5b7f1!45
6 58.000780 machine_state m4 jd5b7f1!45
6 58.000780 machine_state m5 jd5b7f1!45
6 58.000780 machine_state m6 jd5b7f1!45
5 jd5b7f1!49 machine_state "d5b7f1!49" "1.000000 0.000000 0.750000"
6 58.000795 machine_state m7 jd5b7f1!49
6 58.000795 machine_state m8 jd5b7f1!49
8 59.000795 kk k "d5b7f1!49"
8 59.000795 km m7 "d5b7f1!49"
8 59.000795 km m8 "d5b7f1!49"
6 59.000795 machine_state m7 w
6 59.000795 machine_state m8 w
5 jd5b7f1!39 machine_state "d5b7f1!39" "0.000000 1.000000 1.000000"
6 60.000795 machine_state m7 jd5b7f1!39
6 60.000795 machine_state m8 jd5b7f1!39
6 60.000795 machine_state m9 jd5b7f1!39
8 61.000780 kk k "d5b7f1!45"
8 61.000780 km m0 "d5b7f1!45"
8 61.000780 km m1 "d5b7f1!45"
8 61.000780 km m2 "d5b7f1!45"
8 61.000780 km m3 "d5b7f1!45"
8 61.000780 km m4 "d5b7f1!45"
8 61.000780 km m5 "d5b7f1!45"
8 61.000780 km m6 "d5b7f1!45"
6 61.000780 machine_state m0 w
6 61.000780 machine_state m1 w
6 61.000780 machine_state m2 w
6 61.000780 machine_state m3 w
6 61.000780 machine_state m4 w
6 61.000780 machine_state m5 w
6 61.000780 machine_state m6 w
5 jd5b7f1!16 machine_state "d5b7f1!16" "0.875000 1.000000 0.000000"
6 61.000810 machine_state m0 jd5b7f1!16
6 61.000810 machine_state m1 jd5b7f1!16
6 61.000810 machine_state m2 jd5b7f1!16
6 61.000810 machine_state m3 jd5b7f1!16
8 63.000795 kk k "d5b7f1!39"
8 63.000795 km m7 "d5b7f1!39"
8 63.000795 km m8 "d5b7f1!39"
8 63.000795 km m9 "d5b7f1!39"
6 63.000795 machine_state m7 w
6 63.000795 machine_state m8 w
6 63.000795 machine_state m9 w
5 jd5b7f1!51 machine_state "d5b7f1!51" "0.968750 0.000000 1.000000"
6 64.000840 machine_state m4 jd5b7f1!51
6 64.000840 machine_state m5 jd5b7f1!51
5 jd5b7f1!48 machine_state "d5b7f1!48" "1.000000 0.093750 0.000000"
6 64.000855 machine_state m6 jd5b7f1!48
5 jd5b7f1!22 machine_state "d5b7f1!22" "1.000000 0.000000 0.656250"
6 64.000870 machine_state m7 jd5b7f1!22
6 64.000870 machine_state m8 jd5b7f1!22
6 64.000870 machine_state m9 jd5b7f1!22
8 66.000840 kk k "d5b7f1!51"
8 66.000840 km m4 "d5b7f1!51"
8 66.000840 km m5 "d5b7f1!51"
6 66.000840 machine_state m4 w
6 66.000840 machine_state m5 w
8 67.000855 kk k "d5b7f1!48"
8 67.000855 km m6 "d5b7f1!48"
6 67.000855 machine_state m6 w
8 67.000870 kk k "d5b7f1!22"
8 67.000870 km m7 "d5b7f1!22"
8 67.000870 km m8 "d5b7f1!22"
8 67.000870 km m9 "d5b7f1!22"
6 67.000870 machine_state m7 w
6 67.000870 machine_state m8 w
6 67.000870 machine_state m9 w
5 jd5b7f1!38 machine_state "d5b7f1!38" "0.500000 0.000000 1.000000"
6 68.000885 machine_state m4 jd5b7f1!38
6 68.000885 machine_state m5 jd5b7f1!38
6 68.000885 machine_state m6 jd5b7f1!38
6 68.000885 machine_state m7 jd5b7f1!38
6 68.000885 machine_state m8 jd5b7f1!38
6 68.000885 machine_state m9 jd5b7f1!38
8 71.000885 kk k "d5b7f1!38"
8 71.000885 km m4 "d5b7f1!38"
8 71.000885 km m5 "d5b7f1!38"
8 71.000885 km m6 "d5b7f1!38"
8 71.000885 km m7 "d5b7f1!38"
8 71.000885 km m8 "d5b7f1!38"
8 71.000885 km m9 "d5b7f1!38"
6 71.000885 machine_state m4 w
6 71.000885 machine_state m5 w
6 71.000885 machine_state m6 w
6 71.000885 machine_state m7 w
6 71.000885 machine_state m8 w
6 71.000885 machine_state m9 w
5 jd5b7f1!24 machine_state "d5b7f1!24" "1.000000 0.000000 0.843750"
6 71.000900 machine_state m4 jd5b7f1!24
6 71.000900 machine_state m5 jd5b7f1!24
6 71.000900 machine_state m6 jd5b7f1!24
6 71.000900 machine_state m7 jd5b7f1!24
5 jd5b7f1!55 machine_state "d5b7f1!55" "0.000000 1.000000 0.343750"
6 71.000915 machine_state m8 jd5b7f1!55
6 71.000915 machine_state m9 jd5b7f1!55
8 73.000915 kk k "d5b7f1!55"
8 73.000915 km m8 "d5b7f1!55"
8 73.000915 km m9 "d5b7f1!55"
6 73.000915 machine_state m8 w
6 73.000915 machine_state m9 w
5 jd5b7f1!57 machine_state "d5b7f1!57" "0.000000 0.531250 1.000000"
6 73.000945 machine_state m8 jd5b7f1!57
8 74.000945 kk k "d5b7f1!57"
8 74.000945 km m8 "d5b7f1!57"
6 74.000945 machine_state m8 w
8 75.000810 kk k "d5b7f1!16"
8 75.000810 km m0 "d5b7f1!16"
8 75.000810 km m1 "d5b7f1!16"
8 75.000810 km m2 "d5b7f1!16"
8 75.000810 km m3 "d5b7f1!16"
6 75.000810 machine_state m0 w
6 75.000810 machine_state m1 w
6 75.000810 machine_state m2 w
6 75.000810 machine_state m3 w
5 jd5b7f1!40 machine_state "d5b7f1!40" "0.125000 0.000000 1.000000"
6 75.000975 machine_state m0 jd5b7f1!40
6 75.000975 machine_state m1 jd5b7f1!40
6 75.000975 machine_state m2 jd5b7f1!40
6 75.000975 machine_state m3 jd5b7f1!40
6 75.000975 machine_state m8 jd5b7f1!40
8 86.000900 kk k "d5b7f1!24"
8 86.000900 km m4 "d5b7f1!24"
8 86.000900 km m5 "d5b7f1!24"
8 86.000900 km m6 "d5b7f1!24"
8 86.000900 km m7 "d5b7f1!24"
6 86.000900 machine_state m4 w
6 86.000900 machine_state m5 w
6 86.000900 machine_state m6 w
6 86.000900 machine_state m7 w
5 jd5b7f1!50 machine_state "d5b7f1!50" "1.000000 0.843750 0.000000"
6 86.001125 machine_state m4 jd5b7f1!50
6 86.001125 machine_state m5 jd5b7f1!50
6 86.001125 machine_state m6 jd5b7f1!50
6 86.001125 machine_state m7 jd5b7f1!50
6 86.001125 machine_state m9 jd5b7f1!50
8 87.000975 kk k "d5b7f1!40"
8 87.000975 km m0 "d5b7f1!40"
8 87.000975 km m1 "d5b7f1!40"
8 87.000975 km m2 "d5b7f1!40"
8 87.000975 km m3 "d5b7f1!40"
8 87.000975 km m8 "d5b7f1!40"
6 87.000975 machine_state m0 w
6 87.000975 machine_state m1 w
6 87.000975 machine_state m2 w
6 87.000975 machine_state m3 w
6 87.000975 machine_state m8 w
5 jd5b7f1!37 machine_state "d5b7f1!37" "0.000000 0.437500 1.000000"
6 87.001005 machine_state m0 jd5b7f1!37
6 87.001005 machine_state m1 jd5b7f1!37
6 87.001005 machine_state m2 jd5b7f1!37
6 87.001005 machine_state m3 jd5b7f1!37
8 88.001125 kk k "d5b7f1!50"
8 88.001125 km m4 "d5b7f1!50"
8 88.001125 km m5 "d5b7f1!50"
8 88.001125 km m6 "d5b7f1!50"
8 88.001125 km m7 "d5b7f1!50"
8 88.001125 km m9 "d5b7f1!50"
6 88.001125 machine_state m4 w
6 88.001125 machine_state m5 w
6 88.001125 machine_state m6 w
6 88.001125 machine_state m7 w
6 88.001125 machine_state m9 w
8 89.001005 kk k "d5b7f1!37"
8 89.001005 km m0 "d5b7f1!37"
8 89.001005 km m1 "d5b7f1!37"
8 89.001005 km m2 "d5b7f1!37"
8 89.001005 km m3 "d5b7f1!37"
6 89.001005 machine_state m0 w
6 89.001005 machine_state m1 w
6 89.001005 machine_state m2 w
6 89.001005 machine_state m3 w
5 jd5b7f1!62 machine_state "d5b7f1!62" "0.781250 0.000000 1.000000"
6 89.001035 machine_state m4 jd5b7f1!62
6 89.001035 machine_state m5 jd5b7f1!62
8 90.001035 kk k "d5b7f1!62"
8 90.001035 km m4 "d5b7f1!62"
8 90.001035 km m5 "d5b7f1!62"
6 90.001035 machine_state m4 w
6 90.001035 machine_state m5 w
5 jd5b7f1!13 machine_state "d5b7f1!13" "0.031250 0.000000 1.000000"
6 90.001050 machine_state m0 jd5b7f1!13
6 90.001050 machine_state m1 jd5b7f1!13
6 90.001050 machine_state m2 jd5b7f1!13
6 90.001050 machine_state m3 jd5b7f1!13
6 90.001050 machine_state m6 jd5b7f1!13
6 90.001050 machine_state m7 jd5b7f1!13
6 90.001050 machine_state m8 jd5b7f1!13
8 92.001050 kk k "d5b7f1!13"
8 92.001050 km m0 "d5b7f1!13"
8 92.001050 km m1 "d5b7f1!13"
8 92.001050 km m2 "d5b7f1!13"
8 92.001050 km m3 "d5b7f1!13"
8 92.001050 km m6 "d5b7f1!13"
8 92.001050 km m7 "d5b7f1!13"
8 92.001050 km m8 "d5b7f1!13"
6 92.001050 machine_state m0 w
6 92.001050 machine_state m1 w
6 92.001050 machine_state m2 w
6 92.001050 machine_state m3 w
6 92.001050 machine_state m6 w
6 92.001050 machine_state m7 w
6 92.001050 machine_state m8 w
5 jd5b7f1!17 machine_state "d5b7f1!17" "1.000000 0.375000 0.000000"
6 93.001095 machine_state m0 jd5b7f1!17
6 93.001095 machine_state m1 jd5b7f1!17
6 93.001095 machine_state m2 jd5b7f1!17
6 93.001095 machine_state m3 jd5b7f1!17
6 93.001095 machine_state m4 jd5b7f1!17
6 93.001095 machine_state m5 jd5b7f1!17
6 93.001095 machine_state m6 jd5b7f1!17
6 93.001095 machine_state m7 jd5b7f1!17
6 93.001095 machine_state m8 jd5b7f1!17
8 96.001095 kk k "d5b7f1!17"
8 96.001095 km m0 "d5b7f1!17"
8 96.001095 km m1 "d5b7f1!17"
8 96.001095 km m2 "d5b7f1!17"
8 96.001095 km m3 "d5b7f1!17"
8 96.001095 km m4 "d5b7f1!17"
8 96.001095 km m5 "d5b7f1!17"
8 96.001095 km m6 "d5b7f1!17"
8 96.001095 km m7 "d5b7f1!17"
8 96.001095 km m8 "d5b7f1!17"
6 96.001095 machine_state m0 w
6 96.001095 machine_state m1 w
6 96.001095 machine_state m2 w
6 96.001095 machine_state m3 w
6 96.001095 machine_state m4 w
6 96.001095 machine_state m5 w
6 96.001095 machine_state m6 w
6 96.001095 machine_state m7 w
6 96.001095 machine_state m8 w
5 jd5b7f1!23 machine_state "d5b7f1!23" "1.000000 0.187500 0.000000"
6 97.001155 machine_state m0 jd5b7f1!23
6 97.001155 machine_state m1 jd5b7f1!23
6 97.001155 machine_state m2 jd5b7f1!23
6 97.001155 machine_state m3 jd5b7f1!23
6 97.001155 machine_state m4 jd5b7f1!23
6 97.001155 machine_state m5 jd5b7f1!23
6 97.001155 machine_state m6 jd5b7f1!23
6 97.001155 machine_state m7 jd5b7f1!23
5 jd5b7f1!67 machine_state "d5b7f1!67" "0.875000 0.000000 1.000000"
6 108.001320 machine_state m8 jd5b7f1!67
8 109.001155 kk k "d5b7f1!23"
8 109.001155 km m0 "d5b7f1!23"
8 109.001155 km m1 "d5b7f1!23"
8 109.001155 km m2 "d5b7f1!23"
8 109.001155 km m3 "d5b7f1!23"
8 109.001155 km m4 "d5b7f1!23"
8 109.001155 km m5 "d5b7f1!23"
8 109.001155 km m6 "d5b7f1!23"
8 109.001155 km m7 "d5b7f1!23"
6 109.001155 machine_state m0 w
6 109.001155 machine_state m1 w
6 109.001155 machine_state m2 w
6 109.001155 machine_state m3 w
6 109.001155 machine_state m4 w
6 109.001155 machine_state m5 w
6 109.001155 machine_state m6 w
6 109.001155 machine_state m7 w
5 jd5b7f1!42 machine_state "d5b7f1!42" "1.000000 0.468750 0.000000"
6 109.001320 machine_state m0 jd5b7f1!42
6 109.001320 machine_state m1 jd5b7f1!42
6 109.001320 machine_state m2 jd5b7f1!42
6 109.001320 machine_state m3 jd5b7f1!42
6 109.001320 machine_state m4 jd5b7f1!42
6 109.001320 machine_state m5 jd5b7f1!42
6 109.001320 machine_state m6 jd5b7f1!42
6 109.001320 machine_state m7 jd5b7f1!42
6 109.001320 machine_state m9 jd5b7f1!42
8 110.001320 kk k "d5b7f1!42"
8 110.001320 km m0 "d5b7f1!42"
8 110.001320 km m1 "d5b7f1!42"
8 110.001320 km m2 "d5b7f1!42"
8 110.001320 km m3 "d5b7f1!42"
8 110.001320 km m4 "d5b7f1!42"
8 110.001320 km m5 "d5b7f1!42"
8 110.001320 km m6 "d5b7f1!42"
8 110.001320 km m7 "d5b7f1!42"
8 110.001320 km m9 "d5b7f1!42"
6 110.001320 machine_state m0 w
6 110.001320 machine_state m1 w
6 110.001320 machine_state m2 w
6 110.001320 machine_state m3 w
6 110.001320 machine_state m4 w
6 110.001320 machine_state m5 w
6 110.001320 machine_state m6 w
6 110.001320 machine_state m7 w
6 110.001320 machine_state m9 w
5 jd5b7f1!26 machine_state "d5b7f1!26" "0.000000 0.062500 1.000000"
6 110.001350 machine_state m0 jd5b7f1!26
6 110.001350 machine_state m1 jd5b7f1!26
6 110.001350 machine_state m2 jd5b7f1!26
6 110.001350 machine_state m3 jd5b7f1!26
6 110.001350 machine_state m4 jd5b7f1!26
6 110.001350 machine_state m5 jd5b7f1!26
6 110.001350 machine_state m6 jd5b7f1!26
6 110.001350 machine_state m7 jd5b7f1!26
8 112.001350 kk k "d5b7f1!26"
8 112.001350 km m0 "d5b7f1!26"
8 112.001350 km m1 "d5b7f1!26"
8 112.001350 km m2 "d5b7f1!26"
8 112.001350 km m3 "d5b7f1!26"
8 112.001350 km m4 "d5b7f1!26"
8 112.001350 km m5 "d5b7f1!26"
8 112.001350 km m6 "d5b7f1!26"
8 112.001350 km m7 "d5b7f1!26"
6 112.001350 machine_state m0 w
6 112.001350 machine_state m1 w
6 112.001350 machine_state m2 w
6 112.001350 machine_state m3 w
6 112.001350 machine_state m4 w
6 112.001350 machine_state m5 w
6 112.001350 machine_state m6 w
6 112.001350 machine_state m7 w
5 jd5b7f1!61 machine_state "d5b7f1!61" "0.125000 1.000000 0.000000"
6 113.001395 machine_state m0 jd5b7f1!61
6 113.001395 machine_state m1 jd5b7f1!61
6 113.001395 machine_state m2 jd5b7f1!61
6 113.001395 machine_state m3 jd5b7f1!61
6 113.001395 machine_state m4 jd5b7f1!61
5 jd5b7f1!68 machine_state "d5b7f1!68" "0.000000 0.343750 1.000000"
6 113.001410 machine_state m5 jd5b7f1!68
6 113.001410 machine_state m6 jd5b7f1!68
8 115.001395 kk k "d5b7f1!61"
8 115.001395 km m0 "d5b7f1!61"
8 115.001395 km m1 "d5b7f1!61"
8 115.001395 km m2 "d5b7f1!61"
8 115.001395 km m3 "d5b7f1!61"
8 115.001395 km m4 "d5b7f1!61"
6 115.001395 machine_state m0 w
6 115.001395 machine_state m1 w
6 115.001395 machine_state m2 w
6 115.001395 machine_state m3 w
6 115.001395 machine_state m4 w
8 116.001410 kk k "d5b7f1!68"
8 116.001410 km m5 "d5b7f1!68"
8 116.001410 km m6 "d5b7f1!68"
6 116.001410 machine_state m5 w
6 116.001410 machine_state m6 w
5 jd5b7f1!65 machine_state "d5b7f1!65" "1.000000 0.656250 0.000000"
6 116.001440 machine_state m0 jd5b7f1!65
6 116.001440 machine_state m1 jd5b7f1!65
6 116.001440 machine_state m2 jd5b7f1!65
6 116.001440 machine_state m3 jd5b7f1!65
8 117.001440 kk k "d5b7f1!65"
8 117.001440 km m0 "d5b7f1!65"
8 117.001440 km m1 "d5b7f1!65"
8 117.001440 km m2 "d5b7f1!65"
8 117.001440 km m3 "d5b7f1!65"
6 117.001440 machine_state m0 w
6 117.001440 machine_state m1 w
6 117.001440 machine_state m2 w
6 117.001440 machine_state m3 w
5 jd5b7f1!53 machine_state "d5b7f1!53" "1.000000 0.281250 0.000000"
6 117.001440 machine_state m4 jd5b7f1!53
6 117.001440 machine_state m5 jd5b7f1!53
6 117.001440 machine_state m6 jd5b7f1!53
6 117.001440 machine_state m7 jd5b7f1!53
6 117.001440 machine_state m9 jd5b7f1!53
8 119.001320 kk k "d5b7f1!67"
8 119.001320 km m8 "d5b7f1!67"
6 119.001320 machine_state m8 w
8 119.001440 kk k "d5b7f1!53"
8 119.001440 km m4 "d5b7f1!53"
8 119.001440 km m5 "d5b7f1!53"
8 119.001440 km m6 "d5b7f1!53"
8 119.001440 km m7 "d5b7f1!53"
8 119.001440 km m9 "d5b7f1!53"
6 119.001440 machine_state m4 w
6 119.001440 machine_state m5 w
6 119.001440 machine_state m6 w
6 119.001440 machine_state m7 w
6 119.001440 machine_state m9 w
5 jd5b7f1!27 machine_state "d5b7f1!27" "1.000000 0.000000 0.281250"
6 119.001515 machine_state m0 jd5b7f1!27
6 119.001515 machine_state m1 jd5b7f1!27
6 119.001515 machine_state m2 jd5b7f1!27
6 119.001515 machine_state m3 jd5b7f1!27
6 119.001515 machine_state m4 jd5b7f1!27
6 119.001515 machine_state m5 jd5b7f1!27
6 119.001515 machine_state m6 jd5b7f1!27
6 119.001515 machine_state m7 jd5b7f1!27
6 119.001515 machine_state m8 jd5b7f1!27
8 122.001515 kk k "d5b7f1!27"
8 122.001515 km m0 "d5b7f1!27"
8 122.001515 km m1 "d5b7f1!27"
8 122.001515 km m2 "d5b7f1!27"
8 122.001515 km m3 "d5b7f1!27"
8 122.001515 km m4 "d5b7f1!27"
8 122.001515 km m5 "d5b7f1!27"
8 122.001515 km m6 "d5b7f1!27"
8 122.001515 km m7 "d5b7f1!27"
8 122.001515 km m8 "d5b7f1!27"
6 122.001515 machine_state m0 w
6 122.001515 machine_state m1 w
6 122.001515 machine_state m2 w
6 122.001515 machine_state m3 w
6 122.001515 machine_state m4 w
6 122.001515 machine_state m5 w
6 122.001515 machine_state m6 w
6 122.001515 machine_state m7 w
6 122.001515 machine_state m8 w
5 jd5b7f1!33 machine_state "d5b7f1!33" "0.000000 0.250000 1.000000"
6 123.001560 machine_state m0 jd5b7f1!33
6 123.001560 machine_state m1 jd5b7f1!33
6 123.001560 machine_state m2 jd5b7f1!33
6 123.001560 machine_state m3 jd5b7f1!33
6 123.001560 machine_state m4 jd5b7f1!33
6 123.001560 machine_state m5 jd5b7f1!33
6 123.001560 machine_state m6 jd5b7f1!33
6 123.001560 machine_state m7 jd5b7f1!33
6 123.001560 machine_state m8 jd5b7f1!33
6 123.001560 machine_state m9 jd5b7f1!33
8 125.001560 kk k "d5b7f1!33"
8 125.001560 km m0 "d5b7f1!33"
8 125.001560 km m1 "d5b7f1!33"
8 125.001560 km m2 "d5b7f1!33"
8 125.001560 km m3 "d5b7f1!33"
8 125.001560 km m4 "d5b7f1!33"
8 125.001560 km m5 "d5b7f1!33"
8 125.001560 km m6 "d5b7f1!33"
8 125.001560 km m7 "d5b7f1!33"
8 125.001560 km m8 "d5b7f1!33"
8 125.001560 km m9 "d5b7f1!33"
6 125.001560 machine_state m0 w
6 125.001560 machine_state m1 w
6 125.001560 machine_state m2 w
6 125.001560 machine_state m3 w
6 125.001560 machine_state m4 w
6 125.001560 machine_state m5 w
6 125.001560 machine_state m6 w
6 125.001560 machine_state m7 w
6 125.001560 machine_state m8 w
6 125.001560 machine_state m9 w
5 jd5b7f1!19 machine_state "d5b7f1!19" "1.000000 0.562500 0.000000"
6 125.001575 machine_state m0 jd5b7f1!19
6 125.001575 machine_state m1 jd5b7f1!19
6 125.001575 machine_state m2 jd5b7f1!19
6 125.001575 machine_state m3 jd5b7f1!19
6 125.001575 machine_state m4 jd5b7f1!19
6 125.001575 machine_state m5 jd5b7f1!19
6 125.001575 machine_state m6 jd5b7f1!19
6 125.001575 machine_state m7 jd5b7f1!19
6 125.001575 machine_state m8 jd5b7f1!19
6 125.001575 machine_state m9 jd5b7f1!19
8 135.001575 kk k "d5b7f1!19"
8 135.001575 km m0 "d5b7f1!19"
8 135.001575 km m1 "d5b7f1!19"
8 135.001575 km m2 "d5b7f1!19"
8 135.001575 km m3 "d5b7f1!19"
8 135.001575 km m4 "d5b7f1!19"
8 135.001575 km m5 "d5b7f1!19"
8 135.001575 km m6 "d5b7f1!19"
8 135.001575 km m7 "d5b7f1!19"
8 135.001575 km m8 "d5b7f1!19"
8 135.001575 km m9 "d5b7f1!19"
6 135.001575 machine_state m0 w
6 135.001575 machine_state m1 w
6 135.001575 machine_state m2 w
6 135.001575 machine_state m3 w
6 135.001575 machine_state m4 w
6 135.001575 machine_state m5 w
6 135.001575 machine_state m6 w
6 135.001575 machine_state m7 w
6 135.001575 machine_state m8 w
6 135.001575 machine_state m9 w
5 jd5b7f1!71 machine_state "d5b7f1!71" "0.312500 1.000000 0.000000"
6 135.001590 machine_state m0 jd5b7f1!71
6 135.001590 machine_state m1 jd5b7f1!71
6 135.001590 machine_state m2 jd5b7f1!71
6 135.001590 machine_state m3 jd5b7f1!71
6 135.001590 machine_state m4 jd5b7f1!71
6 135.001590 machine_state m5 jd5b7f1!71
6 135.001590 machine_state m6 jd5b7f1!71
6 135.001590 machine_state m7 jd5b7f1!71
6 135.001590 machine_state m8 jd5b7f1!71
6 135.001590 machine_state m9 jd5b7f1!71
8 146.001590 kk k "d5b7f1!71"
8 146.001590 km m0 "d5b7f1!71"
8 146.001590 km m1 "d5b7f1!71"
8 146.001590 km m2 "d5b7f1!71"
8 146.001590 km m3 "d5b7f1!71"
8 146.001590 km m4 "d5b7f1!71"
8 146.001590 km m5 "d5b7f1!71"
8 146.001590 km m6 "d5b7f1!71"
8 146.001590 km m7 "d5b7f1!71"
8 146.001590 km m8 "d5b7f1!71"
8 146.001590 km m9 "d5b7f1!71"
6 146.001590 machine_state m0 w
6 146.001590 machine_state m1 w
6 146.001590 machine_state m2 w
6 146.001590 machine_state m3 w
6 146.001590 machine_state m4 w
6 146.001590 machine_state m5 w
6 146.001590 machine_state m6 w
6 146.001590 machine_state m7 w
6 146.001590 machine_state m8 w
6 146.001590 machine_state m9 w
5 jd5b7f1!43 machine_state "d5b7f1!43" "0.500000 1.000000 0.000000"
6 146.001605 machine_state m0 jd5b7f1!43
6 146.001605 machine_state m1 jd5b7f1!43
6 146.001605 machine_state m2 jd5b7f1!43
6 146.001605 machine_state m3 jd5b7f1!43
6 146.001605 machine_state m4 jd5b7f1!43
6 146.001605 machine_state m5 jd5b7f1!43
6 146.001605 machine_state m6 jd5b7f1!43
6 146.001605 machine_state m7 jd5b7f1!43
6 146.001605 machine_state m8 jd5b7f1!43
6 146.001605 machine_state m9 jd5b7f1!43
8 147.001605 kk k "d5b7f1!43"
8 147.001605 km m0 "d5b7f1!43"
8 147.001605 km m1 "d5b7f1!43"
8 147.001605 km m2 "d5b7f1!43"
8 147.001605 km m3 "d5b7f1!43"
8 147.001605 km m4 "d5b7f1!43"
8 147.001605 km m5 "d5b7f1!43"
8 147.001605 km m6 "d5b7f1!43"
8 147.001605 km m7 "d5b7f1!43"
8 147.001605 km m8 "d5b7f1!43"
8 147.001605 km m9 "d5b7f1!43"
6 147.001605 machine_state m0 w
6 147.001605 machine_state m1 w
6 147.001605 machine_state m2 w
6 147.001605 machine_state m3 w
6 147.001605 machine_state m4 w
6 147.001605 machine_state m5 w
6 147.001605 machine_state m6 w
6 147.001605 machine_state m7 w
6 147.001605 machine_state m8 w
6 147.001605 machine_state m9 w
5 jd5b7f1!46 machine_state "d5b7f1!46" "1.000000 0.000000 0.375000"
6 147.001620 machine_state m0 jd5b7f1!46
6 147.001620 machine_state m1 jd5b7f1!46
6 147.001620 machine_state m2 jd5b7f1!46
6 147.001620 machine_state m3 jd5b7f1!46
6 147.001620 machine_state m4 jd5b7f1!46
6 147.001620 machine_state m5 jd5b7f1!46
6 147.001620 machine_state m6 jd5b7f1!46
5 jd5b7f1!77 machine_state "d5b7f1!77" "0.406250 1.000000 0.000000"
6 147.001635 machine_state m7 jd5b7f1!77
6 147.001635 machine_state m8 jd5b7f1!77
6 147.001635 machine_state m9 jd5b7f1!77
8 148.001635 kk k "d5b7f1!77"
8 148.001635 km m7 "d5b7f1!77"
8 148.001635 km m8 "d5b7f1!77"
8 148.001635 km m9 "d5b7f1!77"
6 148.001635 machine_state m7 w
6 148.001635 machine_state m8 w
6 148.001635 machine_state m9 w
5 jd5b7f1!78 machine_state "d5b7f1!78" "0.000000 1.000000 0.250000"
6 148.001665 machine_state m7 jd5b7f1!78
6 148.001665 machine_state m8 jd5b7f1!78
8 149.001620 kk k "d5b7f1!46"
8 149.001620 km m0 "d5b7f1!46"
8 149.001620 km m1 "d5b7f1!46"
8 149.001620 km m2 "d5b7f1!46"
8 149.001620 km m3 "d5b7f1!46"
8 149.001620 km m4 "d5b7f1!46"
8 149.001620 km m5 "d5b7f1!46"
8 149.001620 km m6 "d5b7f1!46"
6 149.001620 machine_state m0 w
6 149.001620 machine_state m1 w
6 149.001620 machine_state m2 w
6 149.001620 machine_state m3 w
6 149.001620 machine_state m4 w
6 149.001620 machine_state m5 w
6 149.001620 machine_state m6 w
5 jd5b7f1!79 machine_state "d5b7f1!79" "0.000000 0.625000 1.000000"
6 149.001680 machine_state m0 jd5b7f1!79
6 149.001680 machine_state m1 jd5b7f1!79
6 149.001680 machine_state m2 jd5b7f1!79
6 149.001680 machine_state m3 jd5b7f1!79
6 149.001680 machine_state m4 jd5b7f1!79
8 150.001665 kk k "d5b7f1!78"
8 150.001665 km m7 "d5b7f1!78"
8 150.001665 km m8 "d5b7f1!78"
6 150.001665 machine_state m7 w
6 150.001665 machine_state m8 w
5 jd5b7f1!82 machine_state "d5b7f1!82" "0.000000 1.000000 0.156250"
6 151.001695 machine_state m5 jd5b7f1!82
6 151.001695 machine_state m6 jd5b7f1!82
6 151.001695 machine_state m7 jd5b7f1!82
6 151.001695 machine_state m8 jd5b7f1!82
6 151.001695 machine_state m9 jd5b7f1!82
8 163.001680 kk k "d5b7f1!79"
8 163.001680 km m0 "d5b7f1!79"
8 163.001680 km m1 "d5b7f1!79"
8 163.001680 km m2 "d5b7f1!79"
8 163.001680 km m3 "d5b7f1!79"
8 163.001680 km m4 "d5b7f1!79"
6 163.001680 machine_state m0 w
6 163.001680 machine_state m1 w
6 163.001680 machine_state m2 w
6 163.001680 machine_state m3 w
6 163.001680 machine_state m4 w
5 jd5b7f1!75 machine_state "d5b7f1!75" "0.406250 0.000000 1.000000"
6 163.001695 machine_state m0 jd5b7f1!75
6 163.001695 machine_state m1 jd5b7f1!75
6 163.001695 machine_state m2 jd5b7f1!75
6 163.001695 machine_state m3 jd5b7f1!75
6 163.001695 machine_state m4 jd5b7f1!75
8 165.001695 kk k "d5b7f1!82"
8 165.001695 km m5 "d5b7f1!82"
8 165.001695 km m6 "d5b7f1!82"
8 165.001695 km m7 "d5b7f1!82"
8 165.001695 km m8 "d5b7f1!82"
8 165.001695 km m9 "d5b7f1!82"
6 165.001695 machine_state m5 w
6 165.001695 machine_state m6 w
6 165.001695 machine_state m7 w
6 165.001695 machine_state m8 w
6 165.001695 machine_state m9 w
8 165.001695 kk k "d5b7f1!75"
8 165.001695 km m0 "d5b7f1!75"
8 165.001695 km m1 "d5b7f1!75"
8 165.001695 km m2 "d5b7f1!75"
8 165.001695 km m3 "d5b7f1!75"
8 165.001695 km m4 "d5b7f1!75"
6 165.001695 machine_state m0 w
6 165.001695 machine_state m1 w
6 165.001695 machine_state m2 w
6 165.001695 machine_state m3 w
6 165.001695 machine_state m4 w
5 jd5b7f1!73 machine_state "d5b7f1!73" "0.000000 0.812500 1.000000"
6 165.001710 machine_state m5 jd5b7f1!73
6 165.001710 machine_state m6 jd5b7f1!73
6 165.001710 machine_state m7 jd5b7f1!73
6 165.001710 machine_state m8 jd5b7f1!73
6 165.001710 machine_state m9 jd5b7f1!73
5 jd5b7f1!84 machine_state "d5b7f1!84" "1.000000 0.000000 0.000000"
6 165.001755 machine_state m0 jd5b7f1!84
6 165.001755 machine_state m1 jd5b7f1!84
6 165.001755 machine_state m2 jd5b7f1!84
5 jd5b7f1!87 machine_state "d5b7f1!87" "1.000000 0.750000 0.000000"
6 170.001830 machine_state m3 jd5b7f1!87
8 171.001830 kk k "d5b7f1!87"
8 171.001830 km m3 "d5b7f1!87"
6 171.001830 machine_state m3 w
8 176.001710 kk k "d5b7f1!73"
8 176.001710 km m5 "d5b7f1!73"
8 176.001710 km m6 "d5b7f1!73"
8 176.001710 km m7 "d5b7f1!73"
8 176.001710 km m8 "d5b7f1!73"
8 176.001710 km m9 "d5b7f1!73"
6 176.001710 machine_state m5 w
6 176.001710 machine_state m6 w
6 176.001710 machine_state m7 w
6 176.001710 machine_state m8 w
6 176.001710 machine_state m9 w
5 jd5b7f1!85 machine_state "d5b7f1!85" "0.593750 0.000000 1.000000"
6 176.001920 machine_state m3 jd5b7f1!85
6 176.001920 machine_state m4 jd5b7f1!85
6 176.001920 machine_state m5 jd5b7f1!85
6 176.001920 machine_state m6 jd5b7f1!85
6 176.001920 machine_state m7 jd5b7f1!85
6 176.001920 machine_state m8 jd5b7f1!85
8 177.001920 kk k "d5b7f1!85"
8 177.001920 km m3 "d5b7f1!85"
8 177.001920 km m4 "d5b7f1!85"
8 177.001920 km m5 "d5b7f1!85"
8 177.001920 km m6 "d5b7f1!85"
8 177.001920 km m7 "d5b7f1!85"
8 177.001920 km m8 "d5b7f1!85"
6 177.001920 machine_state m3 w
6 177.001920 machine_state m4 w
6 177.001920 machine_state m5 w
6 177.001920 machine_state m6 w
6 177.001920 machine_state m7 w
6 177.001920 machine_state m8 w
8 178.001755 kk k "d5b7f1!84"
8 178.001755 km m0 "d5b7f1!84"
8 178.001755 km m1 "d5b7f1!84"
8 178.001755 km m2 "d5b7f1!84"
6 178.001755 machine_state m0 w
6 178.001755 machine_state m1 w
6 178.001755 machine_state m2 w
5 jd5b7f1!54 machine_state "d5b7f1!54" "0.000000 1.000000 0.062500"
6 179.001950 machine_state m0 jd5b7f1!54
6 179.001950 machine_state m1 jd5b7f1!54
6 179.001950 machine_state m2 jd5b7f1!54
6 179.001950 machine_state m3 jd5b7f1!54
6 179.001950 machine_state m4 jd5b7f1!54
6 179.001950 machine_state m5 jd5b7f1!54
6 179.001950 machine_state m6 jd5b7f1!54
6 179.001950 machine_state m7 jd5b7f1!54
6 179.001950 machine_state m8 jd5b7f1!54
6 179.001950 machine_state m9 jd5b7f1!54
8 192.001950 kk k "d5b7f1!54"
8 192.001950 km m0 "d5b7f1!54"
8 192.001950 km m1 "d5b7f1!54"
8 192.001950 km m2 "d5b7f1!54"
8 192.001950 km m3 "d5b7f1!54"
8 192.001950 km m4 "d5b7f1!54"
8 192.001950 km m5 "d5b7f1!54"
8 192.001950 km m6 "d5b7f1!54"
8 192.001950 km m7 "d5b7f1!54"
8 192.001950 km m8 "d5b7f1!54"
8 192.001950 km m9 "d5b7f1!54"
6 192.001950 machine_state m0 w
6 192.001950 machine_state m1 w
6 192.001950 machine_state m2 w
6 192.001950 machine_state m3 w
6 192.001950 machine_state m4 w
6 192.001950 machine_state m5 w
6 192.001950 machine_state m6 w
6 192.001950 machine_state m7 w
6 192.001950 machine_state m8 w
6 192.001950 machine_state m9 w
5 jd5b7f1!81 machine_state "d5b7f1!81" "0.687500 0.000000 1.000000"
6 192.001980 machine_state m0 jd5b7f1!81
6 192.001980 machine_state m1 jd5b7f1!81
6 192.001980 machine_state m2 jd5b7f1!81
6 192.001980 machine_state m3 jd5b7f1!81
6 192.001980 machine_state m4 jd5b7f1!81
6 192.001980 machine_state m5 jd5b7f1!81
6 192.001980 machine_state m6 jd5b7f1!81
6 192.001980 machine_state m7 jd5b7f1!81
8 195.001980 kk k "d5b7f1!81"
8 195.001980 km m0 "d5b7f1!81"
8 195.001980 km m1 "d5b7f1!81"
8 195.001980 km m2 "d5b7f1!81"
8 195.001980 km m3 "d5b7f1!81"
8 195.001980 km m4 "d5b7f1!81"
8 195.001980 km m5 "d5b7f1!81"
8 195.001980 km m6 "d5b7f1!81"
8 195.001980 km m7 "d5b7f1!81"
6 195.001980 machine_state m0 w
6 195.001980 machine_state m1 w
6 195.001980 machine_state m2 w
6 195.001980 machine_state m3 w
6 195.001980 machine_state m4 w
6 195.001980 machine_state m5 w
6 195.001980 machine_state m6 w
6 195.001980 machine_state m7 w
5 jd5b7f1!83 machine_state "d5b7f1!83" "0.968750 1.000000 0.000000"
6 196.002025 machine_state m0 jd5b7f1!83
6 196.002025 machine_state m1 jd5b7f1!83
6 196.002025 machine_state m2 jd5b7f1!83
6 196.002025 machine_state m3 jd5b7f1!83
6 196.002025 machine_state m4 jd5b7f1!83
5 jd5b7f1!86 machine_state "d5b7f1!86" "0.000000 1.000000 0.718750"
6 196.002040 machine_state m5 jd5b7f1!86
6 196.002040 machine_state m6 jd5b7f1!86
6 196.002040 machine_state m7 jd5b7f1!86
6 196.002040 machine_state m8 jd5b7f1!86
6 196.002040 machine_state m9 jd5b7f1!86
8 197.002025 kk k "d5b7f1!83"
8 197.002025 km m0 "d5b7f1!83"
8 197.002025 km m1 "d5b7f1!83"
8 197.002025 km m2 "d5b7f1!83"
8 197.002025 km m3 "d5b7f1!83"
8 197.002025 km m4 "d5b7f1!83"
6 197.002025 machine_state m0 w
6 197.002025 machine_state m1 w
6 197.002025 machine_state m2 w
6 197.002025 machine_state m3 w
6 197.002025 machine_state m4 w
8 198.002040 kk k "d5b7f1!86"
8 198.002040 km m5 "d5b7f1!86"
8 198.002040 km m6 "d5b7f1!86"
8 198.002040 km m7 "d5b7f1!86"
8 198.002040 km m8 "d5b7f1!86"
8 198.002040 km m9 "d5b7f1!86"
6 198.002040 machine_state m5 w
6 198.002040 machine_state m6 w
6 198.002040 machine_state m7 w
6 198.002040 machine_state m8 w
6 198.002040 machine_state m9 w
5 jd5b7f1!91 machine_state "d5b7f1!91" "0.593750 1.000000 0.000000"
6 199.002085 machine_state m0 jd5b7f1!91
6 199.002085 machine_state m1 jd5b7f1!91
6 199.002085 machine_state m2 jd5b7f1!91
6 199.002085 machine_state m3 jd5b7f1!91
6 199.002085 machine_state m4 jd5b7f1!91
6 199.002085 machine_state m5 jd5b7f1!91
6 199.002085 machine_state m6 jd5b7f1!91
6 199.002085 machine_state m7 jd5b7f1!91
8 214.002085 kk k "d5b7f1!91"
8 214.002085 km m0 "d5b7f1!91"
8 214.002085 km m1 "d5b7f1!91"
8 214.002085 km m2 "d5b7f1!91"
8 214.002085 km m3 "d5b7f1!91"
8 214.002085 km m4 "d5b7f1!91"
8 214.002085 km m5 "d5b7f1!91"
8 214.002085 km m6 "d5b7f1!91"
8 214.002085 km m7 "d5b7f1!91"
6 214.002085 machine_state m0 w
6 214.002085 machine_state m1 w
6 214.002085 machine_state m2 w
6 214.002085 machine_state m3 w
6 214.002085 machine_state m4 w
6 214.002085 machine_state m5 w
6 214.002085 machine_state m6 w
6 214.002085 machine_state m7 w
5 jd5b7f1!92 machine_state "d5b7f1!92" "0.312500 0.000000 1.000000"
6 214.002310 machine_state m0 jd5b7f1!92
6 214.002310 machine_state m1 jd5b7f1!92
6 214.002310 machine_state m2 jd5b7f1!92
6 214.002310 machine_state m3 jd5b7f1!92
6 214.002310 machine_state m4 jd5b7f1!92
6 214.002310 machine_state m5 jd5b7f1!92
6 214.002310 machine_state m6 jd5b7f1!92
8 225.002310 kk k "d5b7f1!92"
8 225.002310 km m0 "d5b7f1!92"
8 225.002310 km m1 "d5b7f1!92"
8 225.002310 km m2 "d5b7f1!92"
8 225.002310 km m3 "d5b7f1!92"
8 225.002310 km m4 "d5b7f1!92"
8 225.002310 km m5 "d5b7f1!92"
8 225.002310 km m6 "d5b7f1!92"
6 225.002310 machine_state m0 w
6 225.002310 machine_state m1 w
6 225.002310 machine_state m2 w
6 225.002310 machine_state m3 w
6 225.002310 machine_state m4 w
6 225.002310 machine_state m5 w
6 225.002310 machine_state m6 w
5 jd5b7f1!56 machine_state "d5b7f1!56" "1.000000 0.000000 0.093750"
6 225.002475 machine_state m0 jd5b7f1!56
6 225.002475 machine_state m1 jd5b7f1!56
6 225.002475 machine_state m2 jd5b7f1!56
6 225.002475 machine_state m3 jd5b7f1!56
6 225.002475 machine_state m4 jd5b7f1!56
6 225.002475 machine_state m5 jd5b7f1!56
6 225.002475 machine_state m6 jd5b7f1!56
8 227.002475 kk k "d5b7f1!56"
8 227.002475 km m0 "d5b7f1!56"
8 227.002475 km m1 "d5b7f1!56"
8 227.002475 km m2 "d5b7f1!56"
8 227.002475 km m3 "d5b7f1!56"
8 227.002475 km m4 "d5b7f1!56"
8 227.002475 km m5 "d5b7f1!56"
8 227.002475 km m6 "d5b7f1!56"
6 227.002475 machine_state m0 w
6 227.002475 machine_state m1 w
6 227.002475 machine_state m2 w
6 227.002475 machine_state m3 w
6 227.002475 machine_state m4 w
6 227.002475 machine_state m5 w
6 227.002475 machine_state m6 w
5 jd5b7f1!89 machine_state "d5b7f1!89" "1.000000 0.000000 0.187500"
6 228.002520 machine_state m0 jd5b7f1!89
6 228.002520 machine_state m1 jd5b7f1!89
6 228.002520 machine_state m2 jd5b7f1!89
6 228.002520 machine_state m3 jd5b7f1!89
6 228.002520 machine_state m4 jd5b7f1!89
6 228.002520 machine_state m5 jd5b7f1!89
6 228.002520 machine_state m6 jd5b7f1!89
6 228.002520 machine_state m7 jd5b7f1!89
6 228.002520 machine_state m8 jd5b7f1!89
8 239.002520 kk k "d5b7f1!89"
8 239.002520 km m0 "d5b7f1!89"
8 239.002520 km m1 "d5b7f1!89"
8 239.002520 km m2 "d5b7f1!89"
8 239.002520 km m3 "d5b7f1!89"
8 239.002520 km m4 "d5b7f1!89"
8 239.002520 km m5 "d5b7f1!89"
8 239.002520 km m6 "d5b7f1!89"
8 239.002520 km m7 "d5b7f1!89"
8 239.002520 km m8 "d5b7f1!89"
6 239.002520 machine_state m0 w
6 239.002520 machine_state m1 w
6 239.002520 machine_state m2 w
6 239.002520 machine_state m3 w
6 239.002520 machine_state m4 w
6 239.002520 machine_state m5 w
6 239.002520 machine_state m6 w
6 239.002520 machine_state m7 w
6 239.002520 machine_state m8 w
5 jd5b7f1!88 machine_state "d5b7f1!88" "1.000000 0.000000 0.937500"
6 239.002685 machine_state m0 jd5b7f1!88
6 239.002685 machine_state m1 jd5b7f1!88
6 239.002685 machine_state m2 jd5b7f1!88
6 239.002685 machine_state m3 jd5b7f1!88
5 jd5b7f1!96 machine_state "d5b7f1!96" "0.000000 0.156250 1.000000"
6 239.002700 machine_state m4 jd5b7f1!96
6 239.002700 machine_state m5 jd5b7f1!96
6 239.002700 machine_state m6 jd5b7f1!96
6 239.002700 machine_state m7 jd5b7f1!96
6 239.002700 machine_state m8 jd5b7f1!96
8 242.002685 kk k "d5b7f1!88"
8 242.002685 km m0 "d5b7f1!88"
8 242.002685 km m1 "d5b7f1!88"
8 242.002685 km m2 "d5b7f1!88"
8 242.002685 km m3 "d5b7f1!88"
6 242.002685 machine_state m0 w
6 242.002685 machine_state m1 w
6 242.002685 machine_state m2 w
6 242.002685 machine_state m3 w
8 242.002700 kk k "d5b7f1!96"
8 242.002700 km m4 "d5b7f1!96"
8 242.002700 km m5 "d5b7f1!96"
8 242.002700 km m6 "d5b7f1!96"
8 242.002700 km m7 "d5b7f1!96"
8 242.002700 km m8 "d5b7f1!96"
6 242.002700 machine_state m4 w
6 242.002700 machine_state m5 w
6 242.002700 machine_state m6 w
6 242.002700 machine_state m7 w
6 242.002700 machine_state m8 w
5 jd5b7f1!74 machine_state "d5b7f1!74" "0.000000 0.718750 1.000000"
6 243.002745 machine_state m0 jd5b7f1!74
6 243.002745 machine_state m1 jd5b7f1!74
6 243.002745 machine_state m2 jd5b7f1!74
6 243.002745 machine_state m3 jd5b7f1!74
6 243.002745 machine_state m4 jd5b7f1!74
6 243.002745 machine_state m5 jd5b7f1!74
8 246.002745 kk k "d5b7f1!74"
8 246.002745 km m0 "d5b7f1!74"
8 246.002745 km m1 "d5b7f1!74"
8 246.002745 km m2 "d5b7f1!74"
8 246.002745 km m3 "d5b7f1!74"
8 246.002745 km m4 "d5b7f1!74"
8 246.002745 km m5 "d5b7f1!74"
6 246.002745 machine_state m0 w
6 246.002745 machine_state m1 w
6 246.002745 machine_state m2 w
6 246.002745 machine_state m3 w
6 246.002745 machine_state m4 w
6 246.002745 machine_state m5 w
5 jd5b7f1!70 machine_state "d5b7f1!70" "1.000000 0.000000 0.468750"
6 247.002790 machine_state m0 jd5b7f1!70
6 247.002790 machine_state m1 jd5b7f1!70
6 247.002790 machine_state m2 jd5b7f1!70
6 247.002790 machine_state m3 jd5b7f1!70
6 247.002790 machine_state m4 jd5b7f1!70
6 247.002790 machine_state m5 jd5b7f1!70
6 247.002790 machine_state m6 jd5b7f1!70
6 247.002790 machine_state m7 jd5b7f1!70
6 247.002790 machine_state m8 jd5b7f1!70
6 247.002790 machine_state m9 jd5b7f1!70
8 261.002790 kk k "d5b7f1!70"
8 261.002790 km m0 "d5b7f1!70"
8 261.002790 km m1 "d5b7f1!70"
8 261.002790 km m2 "d5b7f1!70"
8 261.002790 km m3 "d5b7f1!70"
8 261.002790 km m4 "d5b7f1!70"
8 261.002790 km m5 "d5b7f1!70"
8 261.002790 km m6 "d5b7f1!70"
8 261.002790 km m7 "d5b7f1!70"
8 261.002790 km m8 "d5b7f1!70"
8 261.002790 km m9 "d5b7f1!70"
6 261.002790 machine_state m0 w
6 261.002790 machine_state m1 w
6 261.002790 machine_state m2 w
6 261.002790 machine_state m3 w
6 261.002790 machine_state m4 w
6 261.002790 machine_state m5 w
6 261.002790 machine_state m6 w
6 261.002790 machine_state m7 w
6 261.002790 machine_state m8 w
6 261.002790 machine_state m9 w
5 jd5b7f1!80 machine_state "d5b7f1!80" "0.000000 1.000000 0.812500"
6 261.002820 machine_state m0 jd5b7f1!80
6 261.002820 machine_state m1 jd5b7f1!80
6 261.002820 machine_state m2 jd5b7f1!80
6 261.002820 machine_state m3 jd5b7f1!80
6 261.002820 machine_state m4 jd5b7f1!80
6 261.002820 machine_state m5 jd5b7f1!80
6 261.002820 machine_state m6 jd5b7f1!80
8 262.002820 kk k "d5b7f1!80"
8 262.002820 km m0 "d5b7f1!80"
8 262.002820 km m1 "d5b7f1!80"
8 262.002820 km m2 "d5b7f1!80"
8 262.002820 km m3 "d5b7f1!80"
8 262.002820 km m4 "d5b7f1!80"
8 262.002820 km m5 "d5b7f1!80"
8 262.002820 km m6 "d5b7f1!80"
6 262.002820 machine_state m0 w
6 262.002820 machine_state m1 w
6 262.002820 machine_state m2 w
6 262.002820 machine_state m3 w
6 262.002820 machine_state m4 w
6 262.002820 machine_state m5 w
6 262.002820 machine_state m6 w
5 jd5b7f1!52 machine_state "d5b7f1!52" "0.000000 0.906250 1.000000"
6 263.002850 machine_state m0 jd5b7f1!52
6 263.002850 machine_state m1 jd5b7f1!52
6 263.002850 machine_state m2 jd5b7f1!52
6 263.002850 machine_state m3 jd5b7f1!52
6 263.002850 machine_state m4 jd5b7f1!52
6 263.002850 machine_state m5 jd5b7f1!52
6 263.002850 machine_state m6 jd5b7f1!52
6 263.002850 machine_state m7 jd5b7f1!52
6 263.002850 machine_state m8 jd5b7f1!52
8 266.002850 kk k "d5b7f1!52"
8 266.002850 km m0 "d5b7f1!52"
8 266.002850 km m1 "d5b7f1!52"
8 266.002850 km m2 "d5b7f1!52"
8 266.002850 km m3 "d5b7f1!52"
8 266.002850 km m4 "d5b7f1!52"
8 266.002850 km m5 "d5b7f1!52"
8 266.002850 km m6 "d5b7f1!52"
8 266.002850 km m7 "d5b7f1!52"
8 266.002850 km m8 "d5b7f1!52"
6 266.002850 machine_state m0 w
6 266.002850 machine_state m1 w
6 266.002850 machine_state m2 w
6 266.002850 machine_state m3 w
6 266.002850 machine_state m4 w
6 266.002850 machine_state m5 w
6 266.002850 machine_state m6 w
6 266.002850 machine_state m7 w
6 266.002850 machine_state m8 w
5 jd5b7f1!69 machine_state "d5b7f1!69" "0.218750 0.000000 1.000000"
6 267.002910 machine_state m0 jd5b7f1!69
6 267.002910 machine_state m1 jd5b7f1!69
6 267.002910 machine_state m2 jd5b7f1!69
6 267.002910 machine_state m3 jd5b7f1!69
6 267.002910 machine_state m4 jd5b7f1!69
6 267.002910 machine_state m5 jd5b7f1!69
6 267.002910 machine_state m6 jd5b7f1!69
6 267.002910 machine_state m7 jd5b7f1!69
8 269.002910 kk k "d5b7f1!69"
8 269.002910 km m0 "d5b7f1!69"
8 269.002910 km m1 "d5b7f1!69"
8 269.002910 km m2 "d5b7f1!69"
8 269.002910 km m3 "d5b7f1!69"
8 269.002910 km m4 "d5b7f1!69"
8 269.002910 km m5 "d5b7f1!69"
8 269.002910 km m6 "d5b7f1!69"
8 269.002910 km m7 "d5b7f1!69"
6 269.002910 machine_state m0 w
6 269.002910 machine_state m1 w
6 269.002910 machine_state m2 w
6 269.002910 machine_state m3 w
6 269.002910 machine_state m4 w
6 269.002910 machine_state m5 w
6 269.002910 machine_state m6 w
6 269.002910 machine_state m7 w
5 jd5b7f1!90 machine_state "d5b7f1!90" "0.031250 1.000000 0.000000"
6 270.002955 machine_state m0 jd5b7f1!90
6 270.002955 machine_state m1 jd5b7f1!90
6 270.002955 machine_state m2 jd5b7f1!90
6 270.002955 machine_state m3 jd5b7f1!90
6 270.002955 machine_state m4 jd5b7f1!90
6 270.002955 machine_state m5 jd5b7f1!90
6 270.002955 machine_state m6 jd5b7f1!90
6 270.002955 machine_state m7 jd5b7f1!90
6 270.002955 machine_state m8 jd5b7f1!90
8 271.002955 kk k "d5b7f1!90"
8 271.002955 km m0 "d5b7f1!90"
8 271.002955 km m1 "d5b7f1!90"
8 271.002955 km m2 "d5b7f1!90"
8 271.002955 km m3 "d5b7f1!90"
8 271.002955 km m4 "d5b7f1!90"
8 271.002955 km m5 "d5b7f1!90"
8 271.002955 km m6 "d5b7f1!90"
8 271.002955 km m7 "d5b7f1!90"
8 271.002955 km m8 "d5b7f1!90"
6 271.002955 machine_state m0 w
6 271.002955 machine_state m1 w
6 271.002955 machine_state m2 w
6 271.002955 machine_state m3 w
6 271.002955 machine_state m4 w
6 271.002955 machine_state m5 w
6 271.002955 machine_state m6 w
6 271.002955 machine_state m7 w
6 271.002955 machine_state m8 w
5 jd5b7f1!58 machine_state "d5b7f1!58" "0.000000 1.000000 0.906250"
6 272.002970 machine_state m0 jd5b7f1!58
6 272.002970 machine_state m1 jd5b7f1!58
6 272.002970 machine_state m2 jd5b7f1!58
6 272.002970 machine_state m3 jd5b7f1!58
6 272.002970 machine_state m4 jd5b7f1!58
6 272.002970 machine_state m5 jd5b7f1!58
5 jd5b7f1!102 machine_state "d5b7f1!102" "0.781250 1.000000 0.000000"
6 272.002985 machine_state m6 jd5b7f1!102
6 272.002985 machine_state m7 jd5b7f1!102
6 272.002985 machine_state m8 jd5b7f1!102
6 272.002985 machine_state m9 jd5b7f1!102
8 274.002985 kk k "d5b7f1!102"
8 274.002985 km m6 "d5b7f1!102"
8 274.002985 km m7 "d5b7f1!102"
8 274.002985 km m8 "d5b7f1!102"
8 274.002985 km m9 "d5b7f1!102"
6 274.002985 machine_state m6 w
6 274.002985 machine_state m7 w
6 274.002985 machine_state m8 w
6 274.002985 machine_state m9 w
8 286.002970 kk k "d5b7f1!58"
8 286.002970 km m0 "d5b7f1!58"
8 286.002970 km m1 "d5b7f1!58"
8 286.002970 km m2 "d5b7f1!58"
8 286.002970 km m3 "d5b7f1!58"
8 286.002970 km m4 "d5b7f1!58"
8 286.002970 km m5 "d5b7f1!58"
6 286.002970 machine_state m0 w
6 286.002970 machine_state m1 w
6 286.002970 machine_state m2 w
6 286.002970 machine_state m3 w
6 286.002970 machine_state m4 w
6 286.002970 machine_state m5 w
5 jd5b7f1!66 machine_state "d5b7f1!66" "0.218750 1.000000 0.000000"
6 286.003195 machine_state m0 jd5b7f1!66
6 286.003195 machine_state m1 jd5b7f1!66
6 286.003195 machine_state m2 jd5b7f1!66
6 286.003195 machine_state m3 jd5b7f1!66
6 286.003195 machine_state m4 jd5b7f1!66
6 286.003195 machine_state m5 jd5b7f1!66
6 286.003195 machine_state m6 jd5b7f1!66
8 289.003195 kk k "d5b7f1!66"
8 289.003195 km m0 "d5b7f1!66"
8 289.003195 km m1 "d5b7f1!66"
8 289.003195 km m2 "d5b7f1!66"
8 289.003195 km m3 "d5b7f1!66"
8 289.003195 km m4 "d5b7f1!66"
8 289.003195 km m5 "d5b7f1!66"
8 289.003195 km m6 "d5b7f1!66"
6 289.003195 machine_state m0 w
6 289.003195 machine_state m1 w
6 289.003195 machine_state m2 w
6 289.003195 machine_state m3 w
6 289.003195 machine_state m4 w
6 289.003195 machine_state m5 w
6 289.003195 machine_state m6 w
5 jd5b7f1!60 machine_state "d5b7f1!60" "0.000000 1.000000 0.437500"
6 290.003240 machine_state m0 jd5b7f1!60
6 290.003240 machine_state m1 jd5b7f1!60
6 290.003240 machine_state m2 jd5b7f1!60
6 290.003240 machine_state m3 jd5b7f1!60
6 290.003240 machine_state m4 jd5b7f1!60
6 290.003240 machine_state m5 jd5b7f1!60
6 290.003240 machine_state m6 jd5b7f1!60
6 290.003240 machine_state m7 jd5b7f1!60
6 290.003240 machine_state m8 jd5b7f1!60
6 290.003240 machine_state m9 jd5b7f1!60
8 293.003240 kk k "d5b7f1!60"
8 293.003240 km m0 "d5b7f1!60"
8 293.003240 km m1 "d5b7f1!60"
8 293.003240 km m2 "d5b7f1!60"
8 293.003240 km m3 "d5b7f1!60"
8 293.003240 km m4 "d5b7f1!60"
8 293.003240 km m5 "d5b7f1!60"
8 293.003240 km m6 "d5b7f1!60"
8 293.003240 km m7 "d5b7f1!60"
8 293.003240 km m8 "d5b7f1!60"
8 293.003240 km m9 "d5b7f1!60"
6 293.003240 machine_state m0 w
6 293.003240 machine_state m1 w
6 293.003240 machine_state m2 w
6 293.003240 machine_state m3 w
6 293.003240 machine_state m4 w
6 293.003240 machine_state m5 w
6 293.003240 machine_state m6 w
6 293.003240 machine_state m7 w
6 293.003240 machine_state m8 w
6 293.003240 machine_state m9 w
5 jd5b7f1!97 machine_state "d5b7f1!97" "0.687500 1.000000 0.000000"
6 293.003270 machine_state m0 jd5b7f1!97
6 293.003270 machine_state m1 jd5b7f1!97
6 293.003270 machine_state m2 jd5b7f1!97
6 293.003270 machine_state m3 jd5b7f1!97
6 293.003270 machine_state m4 jd5b7f1!97
6 293.003270 machine_state m5 jd5b7f1!97
8 295.003270 kk k "d5b7f1!97"
8 295.003270 km m0 "d5b7f1!97"
8 295.003270 km m1 "d5b7f1!97"
8 295.003270 km m2 "d5b7f1!97"
8 295.003270 km m3 "d5b7f1!97"
8 295.003270 km m4 "d5b7f1!97"
8 295.003270 km m5 "d5b7f1!97"
6 295.003270 machine_state m0 w
6 295.003270 machine_state m1 w
6 295.003270 machine_state m2 w
6 295.003270 machine_state m3 w
6 295.003270 machine_state m4 w
6 295.003270 machine_state m5 w
5 jd5b7f1!109 machine_state "d5b7f1!109" "0.000000 1.000000 0.625000"
6 296.003315 machine_state m0 jd5b7f1!109
6 296.003315 machine_state m1 jd5b7f1!109
6 296.003315 machine_state m2 jd5b7f1!109
6 296.003315 machine_state m3 jd5b7f1!109
6 296.003315 machine_state m4 jd5b7f1!109
6 296.003315 machine_state m5 jd5b7f1!109
6 296.003315 machine_state m6 jd5b7f1!109
6 296.003315 machine_state m7 jd5b7f1!109
8 299.003315 kk k "d5b7f1!109"
8 299.003315 km m0 "d5b7f1!109"
8 299.003315 km m1 "d5b7f1!109"
8 299.003315 km m2 "d5b7f1!109"
8 299.003315 km m3 "d5b7f1!109"
8 299.003315 km m4 "d5b7f1!109"
8 299.003315 km m5 "d5b7f1!109"
8 299.003315 km m6 "d5b7f1!109"
8 299.003315 km m7 "d5b7f1!109"
6 299.003315 machine_state m0 w
6 299.003315 machine_state m1 w
6 299.003315 machine_state m2 w
6 299.003315 machine_state m3 w
6 299.003315 machine_state m4 w
6 299.003315 machine_state m5 w
6 299.003315 machine_state m6 w
6 299.003315 machine_state m7 w
5 jd5b7f1!110 machine_state "d5b7f1!110" "0.000000 1.000000 0.531250"
6 300.003375 machine_state m0 jd5b7f1!110
6 300.003375 machine_state m1 jd5b7f1!110
6 300.003375 machine_state m2 jd5b7f1!110
6 300.003375 machine_state m3 jd5b7f1!110
5 jd5b7f1!111 machine_state "d5b7f1!111" "1.000000 0.937500 0.000000"
6 300.003390 machine_state m4 jd5b7f1!111
6 300.003390 machine_state m5 jd5b7f1!111
6 300.003390 machine_state m6 jd5b7f1!111
6 300.003390 machine_state m7 jd5b7f1!111
8 301.003375 kk k "d5b7f1!110"
8 301.003375 km m0 "d5b7f1!110"
8 301.003375 km m1 "d5b7f1!110"
8 301.003375 km m2 "d5b7f1!110"
8 301.003375 km m3 "d5b7f1!110"
6 301.003375 machine_state m0 w
6 301.003375 machine_state m1 w
6 301.003375 machine_state m2 w
6 301.003375 machine_state m3 w
8 302.003390 kk k "d5b7f1!111"
8 302.003390 km m4 "d5b7f1!111"
8 302.003390 km m5 "d5b7f1!111"
8 302.003390 km m6 "d5b7f1!111"
8 302.003390 km m7 "d5b7f1!111"
6 302.003390 machine_state m4 w
6 302.003390 machine_state m5 w
6 302.003390 machine_state m6 w
6 302.003390 machine_state m7 w
5 jd5b7f1!59 machine_state "d5b7f1!59" "1.000000 0.000000 0.562500"
6 302.003390 machine_state m0 jd5b7f1!59
6 302.003390 machine_state m1 jd5b7f1!59
6 302.003390 machine_state m2 jd5b7f1!59
6 302.003390 machine_state m3 jd5b7f1!59
6 302.003390 machine_state m8 jd5b7f1!59
6 302.003390 machine_state m9 jd5b7f1!59
8 313.003390 kk k "d5b7f1!59"
8 313.003390 km m0 "d5b7f1!59"
8 313.003390 km m1 "d5b7f1!59"
8 313.003390 km m2 "d5b7f1!59"
8 313.003390 km m3 "d5b7f1!59"
8 313.003390 km m8 "d5b7f1!59"
8 313.003390 km m9 "d5b7f1!59"
6 313.003390 machine_state m0 w
6 313.003390 machine_state m1 w
6 313.003390 machine_state m2 w
6 313.003390 machine_state m3 w
6 313.003390 machine_state m8 w
6 313.003390 machine_state m9 w
5 jd5b7f1!95 machine_state "d5b7f1!95" "1.000000 0.000000 0.750000"
6 313.003585 machine_state m0 jd5b7f1!95
6 313.003585 machine_state m1 jd5b7f1!95
6 313.003585 machine_state m2 jd5b7f1!95
6 313.003585 machine_state m3 jd5b7f1!95
6 313.003585 machine_state m4 jd5b7f1!95
6 313.003585 machine_state m5 jd5b7f1!95
6 313.003585 machine_state m6 jd5b7f1!95
6 313.003585 machine_state m7 jd5b7f1!95
6 313.003585 machine_state m8 jd5b7f1!95
6 313.003585 machine_state m9 jd5b7f1!95
8 325.003585 kk k "d5b7f1!95"
8 325.003585 km m0 "d5b7f1!95"
8 325.003585 km m1 "d5b7f1!95"
8 325.003585 km m2 "d5b7f1!95"
8 325.003585 km m3 "d5b7f1!95"
8 325.003585 km m4 "d5b7f1!95"
8 325.003585 km m5 "d5b7f1!95"
8 325.003585 km m6 "d5b7f1!95"
8 325.003585 km m7 "d5b7f1!95"
8 325.003585 km m8 "d5b7f1!95"
8 325.003585 km m9 "d5b7f1!95"
6 325.003585 machine_state m0 w
6 325.003585 machine_state m1 w
6 325.003585 machine_state m2 w
6 325.003585 machine_state m3 w
6 325.003585 machine_state m4 w
6 325.003585 machine_state m5 w
6 325.003585 machine_state m6 w
6 325.003585 machine_state m7 w
6 325.003585 machine_state m8 w
6 325.003585 machine_state m9 w
5 jd5b7f1!63 machine_state "d5b7f1!63" "0.000000 1.000000 1.000000"
6 325.003600 machine_state m0 jd5b7f1!63
6 325.003600 machine_state m1 jd5b7f1!63
6 325.003600 machine_state m2 jd5b7f1!63
6 325.003600 machine_state m3 jd5b7f1!63
6 325.003600 machine_state m4 jd5b7f1!63
6 325.003600 machine_state m5 jd5b7f1!63
6 325.003600 machine_state m6 jd5b7f1!63
6 325.003600 machine_state m7 jd5b7f1!63
6 325.003600 machine_state m8 jd5b7f1!63
6 325.003600 machine_state m9 jd5b7f1!63
8 327.003600 kk k "d5b7f1!63"
8 327.003600 km m0 "d5b7f1!63"
8 327.003600 km m1 "d5b7f1!63"
8 327.003600 km m2 "d5b7f1!63"
8 327.003600 km m3 "d5b7f1!63"
8 327.003600 km m4 "d5b7f1!63"
8 327.003600 km m5 "d5b7f1!63"
8 327.003600 km m6 "d5b7f1!63"
8 327.003600 km m7 "d5b7f1!63"
8 327.003600 km m8 "d5b7f1!63"
8 327.003600 km m9 "d5b7f1!63"
6 327.003600 machine_state m0 w
6 327.003600 machine_state m1 w
6 327.003600 machine_state m2 w
6 327.003600 machine_state m3 w
6 327.003600 machine_state m4 w
6 327.003600 machine_state m5 w
6 327.003600 machine_state m6 w
6 327.003600 machine_state m7 w
6 327.003600 machine_state m8 w
6 327.003600 machine_state m9 w
5 jd5b7f1!106 machine_state "d5b7f1!106" "0.875000 1.000000 0.000000"
6 327.003630 machine_state m0 jd5b7f1!106
6 327.003630 machine_state m1 jd5b7f1!106
6 327.003630 machine_state m2 jd5b7f1!106
6 327.003630 machine_state m3 jd5b7f1!106
6 327.003630 machine_state m4 jd5b7f1!106
6 327.003630 machine_state m5 jd5b7f1!106
6 327.003630 machine_state m6 jd5b7f1!106
6 327.003630 machine_state m7 jd5b7f1!106
6 327.003630 machine_state m8 jd5b7f1!106
8 330.003630 kk k "d5b7f1!106"
8 330.003630 km m0 "d5b7f1!106"
8 330.003630 km m1 "d5b7f1!106"
8 330.003630 km m2 "d5b7f1!106"
8 330.003630 km m3 "d5b7f1!106"
8 330.003630 km m4 "d5b7f1!106"
8 330.003630 km m5 "d5b7f1!106"
8 330.003630 km m6 "d5b7f1!106"
8 330.003630 km m7 "d5b7f1!106"
8 330.003630 km m8 "d5b7f1!106"
6 330.003630 machine_state m0 w
6 330.003630 machine_state m1 w
6 330.003630 machine_state m2 w
6 330.003630 machine_state m3 w
6 330.003630 machine_state m4 w
6 330.003630 machine_state m5 w
6 330.003630 machine_state m6 w
6 330.003630 machine_state m7 w
6 330.003630 machine_state m8 w
5 jd5b7f1!116 machine_state "d5b7f1!116" "0.968750 0.000000 1.000000"
6 331.003690 machine_state m0 jd5b7f1!116
6 331.003690 machine_state m1 jd5b7f1!116
6 331.003690 machine_state m2 jd5b7f1!116
5 jd5b7f1!105 machine_state "d5b7f1!105" "1.000000 0.093750 0.000000"
6 331.003705 machine_state m3 jd5b7f1!105
6 331.003705 machine_state m4 jd5b7f1!105
6 331.003705 machine_state m5 jd5b7f1!105
